1716139622.038737 client started (2158846): version 3.4, socket /tmp/tmux-1000/default, protocol 8
1716139622.038829 on Linux 5.15.0-107-generic #117-Ubuntu SMP Fri Apr 26 12:26:49 UTC 2024
1716139622.038845 using libevent 2.1.12-stable poll
1716139622.038857 using ncurses 6.3 20211021
1716139622.038926 flags are 0x18010000
1716139622.038939 socket is /tmp/tmux-1000/default
1716139622.038973 trying connect
1716139622.039182 add peer 0x55f557c27d50: 6 ((nil))
1716139622.040238 sending message 100 to peer 0x55f557c27d50 (4 bytes)
1716139622.040269 sending message 111 to peer 0x55f557c27d50 (8 bytes)
1716139622.040283 sending message 101 to peer 0x55f557c27d50 (15 bytes)
1716139622.040295 sending message 109 to peer 0x55f557c27d50 (4 bytes)
1716139622.040308 sending message 102 to peer 0x55f557c27d50 (11 bytes)
1716139622.040320 sending message 108 to peer 0x55f557c27d50 (33 bytes)
1716139622.040333 sending message 112 to peer 0x55f557c27d50 (58 bytes)
1716139622.040346 sending message 112 to peer 0x55f557c27d50 (5 bytes)
1716139622.040358 sending message 112 to peer 0x55f557c27d50 (5 bytes)
1716139622.040370 sending message 112 to peer 0x55f557c27d50 (6 bytes)
1716139622.040382 sending message 112 to peer 0x55f557c27d50 (6 bytes)
1716139622.040394 sending message 112 to peer 0x55f557c27d50 (11 bytes)
1716139622.040406 sending message 112 to peer 0x55f557c27d50 (10 bytes)
1716139622.040418 sending message 112 to peer 0x55f557c27d50 (13 bytes)
1716139622.040430 sending message 112 to peer 0x55f557c27d50 (14 bytes)
1716139622.040442 sending message 112 to peer 0x55f557c27d50 (19 bytes)
1716139622.040454 sending message 112 to peer 0x55f557c27d50 (11 bytes)
1716139622.040466 sending message 112 to peer 0x55f557c27d50 (10 bytes)
1716139622.040478 sending message 112 to peer 0x55f557c27d50 (15 bytes)
1716139622.040490 sending message 112 to peer 0x55f557c27d50 (21 bytes)
1716139622.040502 sending message 112 to peer 0x55f557c27d50 (13 bytes)
1716139622.040514 sending message 112 to peer 0x55f557c27d50 (7 bytes)
1716139622.040526 sending message 112 to peer 0x55f557c27d50 (13 bytes)
1716139622.040538 sending message 112 to peer 0x55f557c27d50 (7 bytes)
1716139622.040550 sending message 112 to peer 0x55f557c27d50 (13 bytes)
1716139622.040562 sending message 112 to peer 0x55f557c27d50 (9 bytes)
1716139622.040574 sending message 112 to peer 0x55f557c27d50 (21 bytes)
1716139622.040586 sending message 112 to peer 0x55f557c27d50 (13 bytes)
1716139622.040598 sending message 112 to peer 0x55f557c27d50 (9 bytes)
1716139622.040610 sending message 112 to peer 0x55f557c27d50 (16 bytes)
1716139622.040622 sending message 112 to peer 0x55f557c27d50 (13 bytes)
1716139622.040634 sending message 112 to peer 0x55f557c27d50 (9 bytes)
1716139622.040646 sending message 112 to peer 0x55f557c27d50 (9 bytes)
1716139622.040658 sending message 112 to peer 0x55f557c27d50 (12 bytes)
1716139622.040669 sending message 112 to peer 0x55f557c27d50 (8 bytes)
1716139622.040681 sending message 112 to peer 0x55f557c27d50 (8 bytes)
1716139622.040693 sending message 112 to peer 0x55f557c27d50 (13 bytes)
1716139622.040706 sending message 112 to peer 0x55f557c27d50 (7 bytes)
1716139622.040718 sending message 112 to peer 0x55f557c27d50 (7 bytes)
1716139622.040730 sending message 112 to peer 0x55f557c27d50 (9 bytes)
1716139622.040741 sending message 112 to peer 0x55f557c27d50 (9 bytes)
1716139622.040753 sending message 112 to peer 0x55f557c27d50 (15 bytes)
1716139622.040765 sending message 112 to peer 0x55f557c27d50 (13 bytes)
1716139622.040777 sending message 112 to peer 0x55f557c27d50 (12 bytes)
1716139622.040789 sending message 112 to peer 0x55f557c27d50 (8 bytes)
1716139622.040801 sending message 112 to peer 0x55f557c27d50 (14 bytes)
1716139622.040813 sending message 112 to peer 0x55f557c27d50 (11 bytes)
1716139622.040825 sending message 112 to peer 0x55f557c27d50 (9 bytes)
1716139622.040837 sending message 112 to peer 0x55f557c27d50 (10 bytes)
1716139622.040849 sending message 112 to peer 0x55f557c27d50 (10 bytes)
1716139622.040861 sending message 112 to peer 0x55f557c27d50 (10 bytes)
1716139622.040892 sending message 112 to peer 0x55f557c27d50 (10 bytes)
1716139622.040904 sending message 112 to peer 0x55f557c27d50 (11 bytes)
1716139622.040916 sending message 112 to peer 0x55f557c27d50 (12 bytes)
1716139622.040928 sending message 112 to peer 0x55f557c27d50 (12 bytes)
1716139622.040940 sending message 112 to peer 0x55f557c27d50 (12 bytes)
1716139622.040952 sending message 112 to peer 0x55f557c27d50 (12 bytes)
1716139622.040964 sending message 112 to peer 0x55f557c27d50 (12 bytes)
1716139622.040976 sending message 112 to peer 0x55f557c27d50 (11 bytes)
1716139622.040988 sending message 112 to peer 0x55f557c27d50 (11 bytes)
1716139622.041000 sending message 112 to peer 0x55f557c27d50 (12 bytes)
1716139622.041012 sending message 112 to peer 0x55f557c27d50 (12 bytes)
1716139622.041024 sending message 112 to peer 0x55f557c27d50 (12 bytes)
1716139622.041036 sending message 112 to peer 0x55f557c27d50 (12 bytes)
1716139622.041048 sending message 112 to peer 0x55f557c27d50 (12 bytes)
1716139622.041060 sending message 112 to peer 0x55f557c27d50 (9 bytes)
1716139622.041072 sending message 112 to peer 0x55f557c27d50 (12 bytes)
1716139622.041083 sending message 112 to peer 0x55f557c27d50 (13 bytes)
1716139622.041095 sending message 112 to peer 0x55f557c27d50 (13 bytes)
1716139622.041107 sending message 112 to peer 0x55f557c27d50 (13 bytes)
1716139622.041119 sending message 112 to peer 0x55f557c27d50 (13 bytes)
1716139622.041131 sending message 112 to peer 0x55f557c27d50 (13 bytes)
1716139622.041143 sending message 112 to peer 0x55f557c27d50 (8 bytes)
1716139622.041155 sending message 112 to peer 0x55f557c27d50 (11 bytes)
1716139622.041167 sending message 112 to peer 0x55f557c27d50 (11 bytes)
1716139622.041179 sending message 112 to peer 0x55f557c27d50 (11 bytes)
1716139622.041191 sending message 112 to peer 0x55f557c27d50 (12 bytes)
1716139622.041203 sending message 112 to peer 0x55f557c27d50 (12 bytes)
1716139622.041215 sending message 112 to peer 0x55f557c27d50 (12 bytes)
1716139622.041227 sending message 112 to peer 0x55f557c27d50 (12 bytes)
1716139622.041239 sending message 112 to peer 0x55f557c27d50 (13 bytes)
1716139622.041251 sending message 112 to peer 0x55f557c27d50 (13 bytes)
1716139622.041263 sending message 112 to peer 0x55f557c27d50 (13 bytes)
1716139622.041275 sending message 112 to peer 0x55f557c27d50 (8 bytes)
1716139622.041287 sending message 112 to peer 0x55f557c27d50 (13 bytes)
1716139622.041299 sending message 112 to peer 0x55f557c27d50 (13 bytes)
1716139622.041311 sending message 112 to peer 0x55f557c27d50 (13 bytes)
1716139622.041323 sending message 112 to peer 0x55f557c27d50 (13 bytes)
1716139622.041335 sending message 112 to peer 0x55f557c27d50 (13 bytes)
1716139622.041347 sending message 112 to peer 0x55f557c27d50 (12 bytes)
1716139622.041359 sending message 112 to peer 0x55f557c27d50 (12 bytes)
1716139622.041371 sending message 112 to peer 0x55f557c27d50 (12 bytes)
1716139622.041383 sending message 112 to peer 0x55f557c27d50 (12 bytes)
1716139622.041395 sending message 112 to peer 0x55f557c27d50 (13 bytes)
1716139622.041407 sending message 112 to peer 0x55f557c27d50 (8 bytes)
1716139622.041419 sending message 112 to peer 0x55f557c27d50 (13 bytes)
1716139622.041431 sending message 112 to peer 0x55f557c27d50 (13 bytes)
1716139622.041443 sending message 112 to peer 0x55f557c27d50 (13 bytes)
1716139622.041455 sending message 112 to peer 0x55f557c27d50 (13 bytes)
1716139622.041467 sending message 112 to peer 0x55f557c27d50 (13 bytes)
1716139622.041479 sending message 112 to peer 0x55f557c27d50 (13 bytes)
1716139622.041491 sending message 112 to peer 0x55f557c27d50 (13 bytes)
1716139622.041502 sending message 112 to peer 0x55f557c27d50 (12 bytes)
1716139622.041514 sending message 112 to peer 0x55f557c27d50 (12 bytes)
1716139622.041526 sending message 112 to peer 0x55f557c27d50 (12 bytes)
1716139622.041538 sending message 112 to peer 0x55f557c27d50 (8 bytes)
1716139622.041551 sending message 112 to peer 0x55f557c27d50 (12 bytes)
1716139622.041563 sending message 112 to peer 0x55f557c27d50 (13 bytes)
1716139622.041585 sending message 112 to peer 0x55f557c27d50 (13 bytes)
1716139622.041598 sending message 112 to peer 0x55f557c27d50 (13 bytes)
1716139622.041609 sending message 112 to peer 0x55f557c27d50 (13 bytes)
1716139622.041621 sending message 112 to peer 0x55f557c27d50 (13 bytes)
1716139622.041633 sending message 112 to peer 0x55f557c27d50 (13 bytes)
1716139622.041645 sending message 112 to peer 0x55f557c27d50 (13 bytes)
1716139622.041657 sending message 112 to peer 0x55f557c27d50 (13 bytes)
1716139622.041669 sending message 112 to peer 0x55f557c27d50 (12 bytes)
1716139622.041681 sending message 112 to peer 0x55f557c27d50 (10 bytes)
1716139622.041693 sending message 112 to peer 0x55f557c27d50 (12 bytes)
1716139622.041705 sending message 112 to peer 0x55f557c27d50 (12 bytes)
1716139622.041717 sending message 112 to peer 0x55f557c27d50 (12 bytes)
1716139622.041728 sending message 112 to peer 0x55f557c27d50 (13 bytes)
1716139622.041740 sending message 112 to peer 0x55f557c27d50 (13 bytes)
1716139622.041752 sending message 112 to peer 0x55f557c27d50 (13 bytes)
1716139622.041764 sending message 112 to peer 0x55f557c27d50 (13 bytes)
1716139622.041776 sending message 112 to peer 0x55f557c27d50 (13 bytes)
1716139622.041788 sending message 112 to peer 0x55f557c27d50 (13 bytes)
1716139622.041813 sending message 112 to peer 0x55f557c27d50 (13 bytes)
1716139622.041815 sending message 112 to peer 0x55f557c27d50 (10 bytes)
1716139622.041817 sending message 112 to peer 0x55f557c27d50 (13 bytes)
1716139622.041820 sending message 112 to peer 0x55f557c27d50 (12 bytes)
1716139622.041822 sending message 112 to peer 0x55f557c27d50 (12 bytes)
1716139622.041825 sending message 112 to peer 0x55f557c27d50 (12 bytes)
1716139622.041827 sending message 112 to peer 0x55f557c27d50 (10 bytes)
1716139622.041829 sending message 112 to peer 0x55f557c27d50 (10 bytes)
1716139622.041832 sending message 112 to peer 0x55f557c27d50 (10 bytes)
1716139622.041834 sending message 112 to peer 0x55f557c27d50 (12 bytes)
1716139622.041837 sending message 112 to peer 0x55f557c27d50 (13 bytes)
1716139622.041839 sending message 112 to peer 0x55f557c27d50 (13 bytes)
1716139622.041841 sending message 112 to peer 0x55f557c27d50 (13 bytes)
1716139622.041844 sending message 112 to peer 0x55f557c27d50 (13 bytes)
1716139622.041846 sending message 112 to peer 0x55f557c27d50 (13 bytes)
1716139622.041848 sending message 112 to peer 0x55f557c27d50 (10 bytes)
1716139622.041851 sending message 112 to peer 0x55f557c27d50 (11 bytes)
1716139622.041853 sending message 112 to peer 0x55f557c27d50 (12 bytes)
1716139622.041856 sending message 112 to peer 0x55f557c27d50 (12 bytes)
1716139622.041858 sending message 112 to peer 0x55f557c27d50 (12 bytes)
1716139622.041860 sending message 112 to peer 0x55f557c27d50 (12 bytes)
1716139622.041863 sending message 112 to peer 0x55f557c27d50 (12 bytes)
1716139622.041865 sending message 112 to peer 0x55f557c27d50 (11 bytes)
1716139622.041867 sending message 112 to peer 0x55f557c27d50 (12 bytes)
1716139622.041870 sending message 112 to peer 0x55f557c27d50 (12 bytes)
1716139622.041872 sending message 112 to peer 0x55f557c27d50 (13 bytes)
1716139622.041875 sending message 112 to peer 0x55f557c27d50 (13 bytes)
1716139622.041877 sending message 112 to peer 0x55f557c27d50 (13 bytes)
1716139622.041879 sending message 112 to peer 0x55f557c27d50 (13 bytes)
1716139622.041882 sending message 112 to peer 0x55f557c27d50 (13 bytes)
1716139622.041884 sending message 112 to peer 0x55f557c27d50 (10 bytes)
1716139622.041887 sending message 112 to peer 0x55f557c27d50 (9 bytes)
1716139622.041889 sending message 112 to peer 0x55f557c27d50 (12 bytes)
1716139622.041891 sending message 112 to peer 0x55f557c27d50 (13 bytes)
1716139622.041894 sending message 112 to peer 0x55f557c27d50 (13 bytes)
1716139622.041896 sending message 112 to peer 0x55f557c27d50 (13 bytes)
1716139622.041898 sending message 112 to peer 0x55f557c27d50 (13 bytes)
1716139622.041901 sending message 112 to peer 0x55f557c27d50 (13 bytes)
1716139622.041903 sending message 112 to peer 0x55f557c27d50 (9 bytes)
1716139622.041907 sending message 112 to peer 0x55f557c27d50 (12 bytes)
1716139622.041910 sending message 112 to peer 0x55f557c27d50 (13 bytes)
1716139622.041912 sending message 112 to peer 0x55f557c27d50 (13 bytes)
1716139622.041915 sending message 112 to peer 0x55f557c27d50 (13 bytes)
1716139622.041917 sending message 112 to peer 0x55f557c27d50 (13 bytes)
1716139622.041919 sending message 112 to peer 0x55f557c27d50 (13 bytes)
1716139622.041922 sending message 112 to peer 0x55f557c27d50 (11 bytes)
1716139622.041924 sending message 112 to peer 0x55f557c27d50 (12 bytes)
1716139622.041927 sending message 112 to peer 0x55f557c27d50 (13 bytes)
1716139622.041929 sending message 112 to peer 0x55f557c27d50 (13 bytes)
1716139622.041931 sending message 112 to peer 0x55f557c27d50 (13 bytes)
1716139622.041934 sending message 112 to peer 0x55f557c27d50 (13 bytes)
1716139622.041936 sending message 112 to peer 0x55f557c27d50 (13 bytes)
1716139622.041939 sending message 112 to peer 0x55f557c27d50 (11 bytes)
1716139622.041941 sending message 112 to peer 0x55f557c27d50 (12 bytes)
1716139622.041944 sending message 112 to peer 0x55f557c27d50 (12 bytes)
1716139622.041946 sending message 112 to peer 0x55f557c27d50 (12 bytes)
1716139622.041949 sending message 112 to peer 0x55f557c27d50 (12 bytes)
1716139622.041951 sending message 112 to peer 0x55f557c27d50 (12 bytes)
1716139622.041954 sending message 112 to peer 0x55f557c27d50 (21 bytes)
1716139622.041956 sending message 112 to peer 0x55f557c27d50 (12 bytes)
1716139622.041959 sending message 112 to peer 0x55f557c27d50 (9 bytes)
1716139622.041961 sending message 112 to peer 0x55f557c27d50 (6 bytes)
1716139622.041964 sending message 112 to peer 0x55f557c27d50 (13 bytes)
1716139622.041966 sending message 112 to peer 0x55f557c27d50 (10 bytes)
1716139622.041969 sending message 112 to peer 0x55f557c27d50 (24 bytes)
1716139622.041971 sending message 112 to peer 0x55f557c27d50 (13 bytes)
1716139622.041973 sending message 112 to peer 0x55f557c27d50 (9 bytes)
1716139622.041976 sending message 112 to peer 0x55f557c27d50 (70 bytes)
1716139622.041978 sending message 112 to peer 0x55f557c27d50 (69 bytes)
1716139622.041981 sending message 112 to peer 0x55f557c27d50 (12 bytes)
1716139622.041984 sending message 112 to peer 0x55f557c27d50 (10 bytes)
1716139622.041986 sending message 112 to peer 0x55f557c27d50 (10 bytes)
1716139622.041988 sending message 112 to peer 0x55f557c27d50 (24 bytes)
1716139622.041991 sending message 112 to peer 0x55f557c27d50 (13 bytes)
1716139622.041993 sending message 112 to peer 0x55f557c27d50 (10 bytes)
1716139622.041996 sending message 112 to peer 0x55f557c27d50 (10 bytes)
1716139622.041998 sending message 112 to peer 0x55f557c27d50 (10 bytes)
1716139622.042000 sending message 112 to peer 0x55f557c27d50 (13 bytes)
1716139622.042003 sending message 112 to peer 0x55f557c27d50 (15 bytes)
1716139622.042005 sending message 112 to peer 0x55f557c27d50 (5 bytes)
1716139622.042008 sending message 104 to peer 0x55f557c27d50 (0 bytes)
1716139622.042011 sending message 110 to peer 0x55f557c27d50 (0 bytes)
1716139622.042015 sending message 107 to peer 0x55f557c27d50 (4 bytes)
1716139622.042017 sending message 105 to peer 0x55f557c27d50 (16 bytes)
1716139622.042020 sending message 105 to peer 0x55f557c27d50 (20 bytes)
1716139622.042022 sending message 105 to peer 0x55f557c27d50 (36 bytes)
1716139622.042025 sending message 105 to peer 0x55f557c27d50 (24 bytes)
1716139622.042027 sending message 105 to peer 0x55f557c27d50 (44 bytes)
1716139622.042030 sending message 105 to peer 0x55f557c27d50 (44 bytes)
1716139622.042032 sending message 105 to peer 0x55f557c27d50 (27 bytes)
1716139622.042035 sending message 105 to peer 0x55f557c27d50 (15 bytes)
1716139622.042037 sending message 105 to peer 0x55f557c27d50 (36 bytes)
1716139622.042039 sending message 105 to peer 0x55f557c27d50 (36 bytes)
1716139622.042042 sending message 105 to peer 0x55f557c27d50 (22 bytes)
1716139622.042044 sending message 105 to peer 0x55f557c27d50 (26 bytes)
1716139622.042047 sending message 105 to peer 0x55f557c27d50 (28 bytes)
1716139622.042051 sending message 105 to peer 0x55f557c27d50 (25 bytes)
1716139622.042054 sending message 105 to peer 0x55f557c27d50 (103 bytes)
1716139622.042056 sending message 105 to peer 0x55f557c27d50 (59 bytes)
1716139622.042059 sending message 105 to peer 0x55f557c27d50 (67 bytes)
1716139622.042061 sending message 105 to peer 0x55f557c27d50 (30 bytes)
1716139622.042067 sending message 105 to peer 0x55f557c27d50 (12 bytes)
1716139622.042069 sending message 105 to peer 0x55f557c27d50 (19 bytes)
1716139622.042072 sending message 105 to peer 0x55f557c27d50 (37 bytes)
1716139622.042074 sending message 105 to peer 0x55f557c27d50 (39 bytes)
1716139622.042076 sending message 105 to peer 0x55f557c27d50 (14 bytes)
1716139622.042079 sending message 105 to peer 0x55f557c27d50 (21 bytes)
1716139622.042081 sending message 105 to peer 0x55f557c27d50 (39 bytes)
1716139622.042083 sending message 105 to peer 0x55f557c27d50 (39 bytes)
1716139622.042086 sending message 105 to peer 0x55f557c27d50 (22 bytes)
1716139622.042088 sending message 105 to peer 0x55f557c27d50 (47 bytes)
1716139622.042091 sending message 105 to peer 0x55f557c27d50 (23 bytes)
1716139622.042093 sending message 105 to peer 0x55f557c27d50 (65 bytes)
1716139622.042095 sending message 105 to peer 0x55f557c27d50 (20 bytes)
1716139622.042098 sending message 105 to peer 0x55f557c27d50 (34 bytes)
1716139622.042100 sending message 105 to peer 0x55f557c27d50 (36 bytes)
1716139622.042104 sending message 105 to peer 0x55f557c27d50 (15 bytes)
1716139622.042106 sending message 105 to peer 0x55f557c27d50 (17 bytes)
1716139622.042109 sending message 105 to peer 0x55f557c27d50 (17 bytes)
1716139622.042111 sending message 105 to peer 0x55f557c27d50 (38 bytes)
1716139622.042113 sending message 105 to peer 0x55f557c27d50 (54 bytes)
1716139622.042116 sending message 105 to peer 0x55f557c27d50 (34 bytes)
1716139622.042118 sending message 105 to peer 0x55f557c27d50 (14 bytes)
1716139622.042121 sending message 105 to peer 0x55f557c27d50 (107 bytes)
1716139622.042123 sending message 105 to peer 0x55f557c27d50 (41 bytes)
1716139622.042125 sending message 105 to peer 0x55f557c27d50 (28 bytes)
1716139622.042128 sending message 105 to peer 0x55f557c27d50 (38 bytes)
1716139622.042130 sending message 105 to peer 0x55f557c27d50 (52 bytes)
1716139622.042133 sending message 105 to peer 0x55f557c27d50 (13 bytes)
1716139622.042135 sending message 105 to peer 0x55f557c27d50 (28 bytes)
1716139622.042139 sending message 105 to peer 0x55f557c27d50 (32 bytes)
1716139622.042141 sending message 105 to peer 0x55f557c27d50 (28 bytes)
1716139622.042143 sending message 105 to peer 0x55f557c27d50 (44 bytes)
1716139622.042146 sending message 105 to peer 0x55f557c27d50 (30 bytes)
1716139622.042148 sending message 105 to peer 0x55f557c27d50 (23 bytes)
1716139622.042151 sending message 105 to peer 0x55f557c27d50 (39 bytes)
1716139622.042153 sending message 105 to peer 0x55f557c27d50 (39 bytes)
1716139622.042155 sending message 105 to peer 0x55f557c27d50 (20 bytes)
1716139622.042158 sending message 105 to peer 0x55f557c27d50 (64 bytes)
1716139622.042160 sending message 105 to peer 0x55f557c27d50 (27 bytes)
1716139622.042162 sending message 105 to peer 0x55f557c27d50 (11 bytes)
1716139622.042165 sending message 105 to peer 0x55f557c27d50 (42 bytes)
1716139622.042167 sending message 105 to peer 0x55f557c27d50 (46 bytes)
1716139622.042170 sending message 105 to peer 0x55f557c27d50 (18 bytes)
1716139622.042172 sending message 105 to peer 0x55f557c27d50 (31 bytes)
1716139622.042176 sending message 105 to peer 0x55f557c27d50 (12 bytes)
1716139622.042178 sending message 105 to peer 0x55f557c27d50 (8 bytes)
1716139622.042180 sending message 105 to peer 0x55f557c27d50 (38 bytes)
1716139622.042183 sending message 105 to peer 0x55f557c27d50 (39 bytes)
1716139622.042185 sending message 105 to peer 0x55f557c27d50 (19 bytes)
1716139622.042188 sending message 105 to peer 0x55f557c27d50 (24 bytes)
1716139622.042190 sending message 105 to peer 0x55f557c27d50 (29 bytes)
1716139622.042192 sending message 105 to peer 0x55f557c27d50 (31 bytes)
1716139622.042197 sending message 105 to peer 0x55f557c27d50 (39 bytes)
1716139622.042199 sending message 105 to peer 0x55f557c27d50 (34 bytes)
1716139622.042201 sending message 105 to peer 0x55f557c27d50 (19 bytes)
1716139622.042204 sending message 105 to peer 0x55f557c27d50 (38 bytes)
1716139622.042206 sending message 105 to peer 0x55f557c27d50 (13 bytes)
1716139622.042208 sending message 105 to peer 0x55f557c27d50 (65 bytes)
1716139622.042211 sending message 105 to peer 0x55f557c27d50 (530 bytes)
1716139622.042215 sending message 105 to peer 0x55f557c27d50 (19 bytes)
1716139622.042217 sending message 105 to peer 0x55f557c27d50 (54 bytes)
1716139622.042219 sending message 105 to peer 0x55f557c27d50 (39 bytes)
1716139622.042222 sending message 105 to peer 0x55f557c27d50 (39 bytes)
1716139622.042224 sending message 105 to peer 0x55f557c27d50 (19 bytes)
1716139622.042226 sending message 105 to peer 0x55f557c27d50 (32 bytes)
1716139622.042229 sending message 105 to peer 0x55f557c27d50 (39 bytes)
1716139622.042231 sending message 105 to peer 0x55f557c27d50 (26 bytes)
1716139622.042234 sending message 105 to peer 0x55f557c27d50 (19 bytes)
1716139622.042236 sending message 105 to peer 0x55f557c27d50 (23 bytes)
1716139622.042238 sending message 105 to peer 0x55f557c27d50 (62 bytes)
1716139622.042241 sending message 105 to peer 0x55f557c27d50 (85 bytes)
1716139622.042244 sending message 105 to peer 0x55f557c27d50 (118 bytes)
1716139622.042247 sending message 105 to peer 0x55f557c27d50 (16 bytes)
1716139622.042249 sending message 106 to peer 0x55f557c27d50 (0 bytes)
1716139622.042289 sending message 200 to peer 0x55f557c27d50 (4 bytes)
1716139622.042292 client loop enter
1716139622.043528 peer 0x55f557c27d50 message 207
1716139622.043560 sending message 208 to peer 0x55f557c27d50 (0 bytes)
1716139625.164988 peer 0x55f557c27d50 message 203
1716139625.165026 sending message 205 to peer 0x55f557c27d50 (0 bytes)
1716139625.165770 peer 0x55f557c27d50 message 204
1716139625.165802 client loop exit
